[I 2023-08-22 00:32:02.090 ServerApp] Package notebook took 0.0000s to import
[I 2023-08-22 00:32:02.097 ServerApp] Package jupyter_lsp took 0.0068s to import
[W 2023-08-22 00:32:02.097 ServerApp] A `_jupyter_server_extension_points` function was not found in jupyter_lsp. Instead, a `_jupyter_server_extension_paths` function was found and will be used for now. This function name will be deprecated in future releases of Jupyter Server.
[I 2023-08-22 00:32:02.102 ServerApp] Package jupyter_server_terminals took 0.0040s to import
[I 2023-08-22 00:32:02.102 ServerApp] Package jupyterlab took 0.0000s to import
[I 2023-08-22 00:32:02.118 ServerApp] Package notebook_shim took 0.0000s to import
[W 2023-08-22 00:32:02.118 ServerApp] A `_jupyter_server_extension_points` function was not found in notebook_shim. Instead, a `_jupyter_server_extension_paths` function was found and will be used for now. This function name will be deprecated in future releases of Jupyter Server.
[I 2023-08-22 00:32:02.118 ServerApp] jupyter_lsp | extension was successfully linked.
[I 2023-08-22 00:32:02.119 ServerApp] jupyter_server_terminals | extension was successfully linked.
[I 2023-08-22 00:32:02.121 ServerApp] jupyterlab | extension was successfully linked.
[I 2023-08-22 00:32:02.122 ServerApp] notebook | extension was successfully linked.
[I 2023-08-22 00:32:02.248 ServerApp] notebook_shim | extension was successfully linked.
[I 2023-08-22 00:32:02.355 ServerApp] notebook_shim | extension was successfully loaded.
[I 2023-08-22 00:32:02.356 ServerApp] jupyter_lsp | extension was successfully loaded.
[I 2023-08-22 00:32:02.357 ServerApp] jupyter_server_terminals | extension was successfully loaded.
[I 2023-08-22 00:32:02.358 LabApp] JupyterLab extension loaded from /Users/lakshaysharma/Desktop/ogsharma/makemore/env/lib/python3.11/site-packages/jupyterlab
[I 2023-08-22 00:32:02.358 LabApp] JupyterLab application directory is /Users/lakshaysharma/Desktop/ogsharma/makemore/env/share/jupyter/lab
[I 2023-08-22 00:32:02.358 LabApp] Extension Manager is 'pypi'.
[I 2023-08-22 00:32:02.359 ServerApp] jupyterlab | extension was successfully loaded.
[I 2023-08-22 00:32:02.360 ServerApp] notebook | extension was successfully loaded.
[I 2023-08-22 00:32:02.361 ServerApp] Serving notebooks from local directory: /Users/lakshaysharma/Desktop/ogsharma/makemore
[I 2023-08-22 00:32:02.361 ServerApp] Jupyter Server 2.7.1 is running at:
[I 2023-08-22 00:32:02.361 ServerApp] http://localhost:8888/tree?token=9fe7e81e6b46c5454c62ece88516df009b6d1c9e2df6ca17
[I 2023-08-22 00:32:02.361 ServerApp]     http://127.0.0.1:8888/tree?token=9fe7e81e6b46c5454c62ece88516df009b6d1c9e2df6ca17
[I 2023-08-22 00:32:02.361 ServerApp] Use Control-C to stop this server and shut down all kernels (twice to skip confirmation).
[C 2023-08-22 00:32:02.363 ServerApp] 
    
    To access the server, open this file in a browser:
        file:///Users/lakshaysharma/Library/Jupyter/runtime/jpserver-12273-open.html
    Or copy and paste one of these URLs:
        http://localhost:8888/tree?token=9fe7e81e6b46c5454c62ece88516df009b6d1c9e2df6ca17
        http://127.0.0.1:8888/tree?token=9fe7e81e6b46c5454c62ece88516df009b6d1c9e2df6ca17
[I 2023-08-22 00:32:02.372 ServerApp] Skipped non-installed server(s): bash-language-server, dockerfile-language-server-nodejs, javascript-typescript-langserver, jedi-language-server, julia-language-server, pyright, python-language-server, python-lsp-server, r-languageserver, sql-language-server, texlab, typescript-language-server, unified-language-server, vscode-css-languageserver-bin, vscode-html-languageserver-bin, vscode-json-languageserver-bin, yaml-language-server
0.00s - Debugger warning: It seems that frozen modules are being used, which may
0.00s - make the debugger miss breakpoints. Please pass -Xfrozen_modules=off
0.00s - to python to disable frozen modules.
0.00s - Note: Debugging will proceed. Set PYDEVD_DISABLE_FILE_VALIDATION=1 to disable this validation.
[I 2023-08-22 00:32:24.170 ServerApp] Kernel started: 483e9fbe-a55e-465d-9cb9-05737a5131db
0.00s - Debugger warning: It seems that frozen modules are being used, which may
0.00s - make the debugger miss breakpoints. Please pass -Xfrozen_modules=off
0.00s - to python to disable frozen modules.
0.00s - Note: Debugging will proceed. Set PYDEVD_DISABLE_FILE_VALIDATION=1 to disable this validation.
[I 2023-08-22 00:32:24.633 ServerApp] Connecting to kernel 483e9fbe-a55e-465d-9cb9-05737a5131db.
[I 2023-08-22 00:34:24.053 ServerApp] Saving file at /build_makemore_yay.ipynb
[I 2023-08-22 00:34:48.268 ServerApp] Starting buffering for 483e9fbe-a55e-465d-9cb9-05737a5131db:86167c68-bd4b-4c9d-a7a5-de07afe19e7c
[I 2023-08-22 00:35:13.700 ServerApp] Connecting to kernel 483e9fbe-a55e-465d-9cb9-05737a5131db.
[I 2023-08-22 00:37:13.531 ServerApp] Saving file at /build_makemore_yay.ipynb
[I 2023-08-22 00:59:14.139 ServerApp] Saving file at /build_makemore_yay.ipynb
[I 2023-08-22 01:00:05.242 ServerApp] Kernel interrupted: 483e9fbe-a55e-465d-9cb9-05737a5131db
[I 2023-08-22 01:01:14.195 ServerApp] Saving file at /build_makemore_yay.ipynb
[I 2023-08-22 01:03:14.293 ServerApp] Saving file at /build_makemore_yay.ipynb
[I 2023-08-22 01:23:14.455 ServerApp] Saving file at /build_makemore_yay.ipynb
[I 2023-08-22 01:46:23.510 ServerApp] Starting buffering for 483e9fbe-a55e-465d-9cb9-05737a5131db:a4209421-33f5-465c-9970-b4fdd016c894
[I 2023-08-22 01:46:23.519 ServerApp] Connecting to kernel 483e9fbe-a55e-465d-9cb9-05737a5131db.
[I 2023-08-22 01:46:23.519 ServerApp] Restoring connection for 483e9fbe-a55e-465d-9cb9-05737a5131db:a4209421-33f5-465c-9970-b4fdd016c894
[I 2023-08-22 01:53:45.270 ServerApp] Starting buffering for 483e9fbe-a55e-465d-9cb9-05737a5131db:a4209421-33f5-465c-9970-b4fdd016c894
[I 2023-08-22 01:53:45.276 ServerApp] Connecting to kernel 483e9fbe-a55e-465d-9cb9-05737a5131db.
[I 2023-08-22 01:53:45.276 ServerApp] Restoring connection for 483e9fbe-a55e-465d-9cb9-05737a5131db:a4209421-33f5-465c-9970-b4fdd016c894
[I 2023-08-22 02:07:34.231 ServerApp] Starting buffering for 483e9fbe-a55e-465d-9cb9-05737a5131db:a4209421-33f5-465c-9970-b4fdd016c894
[I 2023-08-22 02:07:34.252 ServerApp] Connecting to kernel 483e9fbe-a55e-465d-9cb9-05737a5131db.
[I 2023-08-22 02:07:34.252 ServerApp] Restoring connection for 483e9fbe-a55e-465d-9cb9-05737a5131db:a4209421-33f5-465c-9970-b4fdd016c894
[I 2023-08-22 02:11:11.331 ServerApp] Starting buffering for 483e9fbe-a55e-465d-9cb9-05737a5131db:a4209421-33f5-465c-9970-b4fdd016c894
[I 2023-08-22 02:11:11.336 ServerApp] Connecting to kernel 483e9fbe-a55e-465d-9cb9-05737a5131db.
[I 2023-08-22 02:11:11.337 ServerApp] Restoring connection for 483e9fbe-a55e-465d-9cb9-05737a5131db:a4209421-33f5-465c-9970-b4fdd016c894
[I 2023-08-22 02:11:34.116 ServerApp] Starting buffering for 483e9fbe-a55e-465d-9cb9-05737a5131db:a4209421-33f5-465c-9970-b4fdd016c894
[I 2023-08-22 02:11:34.118 ServerApp] Connecting to kernel 483e9fbe-a55e-465d-9cb9-05737a5131db.
[I 2023-08-22 02:11:34.118 ServerApp] Restoring connection for 483e9fbe-a55e-465d-9cb9-05737a5131db:a4209421-33f5-465c-9970-b4fdd016c894
[I 2023-08-22 11:45:22.590 ServerApp] Saving file at /build_makemore_yay.ipynb
[I 2023-08-22 15:48:57.872 ServerApp] Starting buffering for 483e9fbe-a55e-465d-9cb9-05737a5131db:a4209421-33f5-465c-9970-b4fdd016c894
[C 2023-08-24 00:11:12.759 ServerApp] received signal 15, stopping
[I 2023-08-24 00:11:12.779 ServerApp] Shutting down 5 extensions
[I 2023-08-24 00:11:12.783 ServerApp] Shutting down 1 kernel
[I 2023-08-24 00:11:12.800 ServerApp] Kernel shutdown: 483e9fbe-a55e-465d-9cb9-05737a5131db
